time="2023-12-10T19:09:34+07:00" level=info msg="{2023-12-10 19:09:34.0783648 +0700 +07 m=+17.142962801 0s ::1 POST 200 /api/v1/users PostmanRuntime/7.35.0}"
time="2023-12-10T19:10:02+07:00" level=info msg="{2023-12-10 19:10:02.1144626 +0700 +07 m=+45.179060601 0s ::1 DELETE 200 /api/v1/users/6825f772-d746-411c-927c-3e7a1d7eda5d PostmanRuntime/7.35.0}"
time="2023-12-10T19:10:09+07:00" level=info msg="{2023-12-10 19:10:09.7337653 +0700 +07 m=+52.798363301 0s ::1 GET 200 /api/v1/users PostmanRuntime/7.35.0}"
time="2023-12-10T21:02:00+07:00" level=info msg="{2023-12-10 21:02:00.951483 +0700 +07 m=+54.172791501 0s ::1 POST 200 /api/v1/users PostmanRuntime/7.35.0}"
time="2023-12-10T21:02:13+07:00" level=info msg="{2023-12-10 21:02:13.8684484 +0700 +07 m=+67.089756901 0s ::1 GET 200 /api/v1/users/5b24ec0b-e158-46aa-8e5d-043055e06d2d PostmanRuntime/7.35.0}"
time="2023-12-10T21:02:35+07:00" level=warning msg="{2023-12-10 21:02:35.0888722 +0700 +07 m=+88.310180701 0s 10.240.3.64 GET 404 / Mozilla/5.0 (Windows NT 10.0; Win64; x64) AppleWebKit/537.36 (KHTML, like Gecko) Chrome/119.0.0.0 Safari/537.36}"
time="2023-12-10T21:02:35+07:00" level=warning msg="{2023-12-10 21:02:35.8984474 +0700 +07 m=+89.119755901 0s 10.240.3.64 GET 404 /favicon.ico Mozilla/5.0 (Windows NT 10.0; Win64; x64) AppleWebKit/537.36 (KHTML, like Gecko) Chrome/119.0.0.0 Safari/537.36}"
time="2023-12-10T21:03:00+07:00" level=info msg="{2023-12-10 21:03:00.0449872 +0700 +07 m=+113.266295701 0s 10.240.1.100 GET 200 /api/v1/users/5b24ec0b-e158-46aa-8e5d-043055e06d2d Mozilla/5.0 (Windows NT 10.0; Win64; x64) AppleWebKit/537.36 (KHTML, like Gecko) Chrome/119.0.0.0 Safari/537.36}"
time="2023-12-11T00:13:49+07:00" level=info msg="{2023-12-11 00:13:49.3294545 +0700 +07 m=+81.334755001 0s ::1 POST 200 /api/v1/customers PostmanRuntime/7.35.0}"
time="2023-12-11T00:14:14+07:00" level=info msg="{2023-12-11 00:14:14.1065477 +0700 +07 m=+106.111848201 0s ::1 POST 200 /api/v1/customers PostmanRuntime/7.35.0}"
time="2023-12-11T00:16:31+07:00" level=info msg="{2023-12-11 00:16:31.7902209 +0700 +07 m=+243.795521401 0s ::1 POST 200 /api/v1/rooms PostmanRuntime/7.35.0}"
time="2023-12-11T00:16:47+07:00" level=info msg="{2023-12-11 00:16:47.8061345 +0700 +07 m=+259.811435001 0s ::1 POST 200 /api/v1/rooms PostmanRuntime/7.35.0}"
time="2023-12-11T00:17:23+07:00" level=info msg="{2023-12-11 00:17:23.8726029 +0700 +07 m=+295.877903401 0s ::1 POST 200 /api/v1/rooms PostmanRuntime/7.35.0}"
time="2023-12-11T00:17:35+07:00" level=info msg="{2023-12-11 00:17:35.9941544 +0700 +07 m=+307.999454901 0s ::1 POST 200 /api/v1/rooms PostmanRuntime/7.35.0}"
time="2023-12-11T00:19:17+07:00" level=info msg="{2023-12-11 00:19:17.7292155 +0700 +07 m=+409.734516001 0s ::1 POST 200 /api/v1/rooms PostmanRuntime/7.35.0}"
time="2023-12-11T00:21:09+07:00" level=info msg="{2023-12-11 00:21:09.3770086 +0700 +07 m=+521.382309101 0s ::1 POST 200 /api/v1/services PostmanRuntime/7.35.0}"
time="2023-12-11T00:21:41+07:00" level=info msg="{2023-12-11 00:21:41.2116049 +0700 +07 m=+553.216905401 0s ::1 POST 200 /api/v1/services PostmanRuntime/7.35.0}"
time="2023-12-11T17:31:35+07:00" level=info msg="{2023-12-11 17:31:35.4649917 +0700 +07 m=+131.279121001 0s ::1 POST 200 /api/v1/customers PostmanRuntime/7.35.0}"
time="2023-12-11T17:31:52+07:00" level=info msg="{2023-12-11 17:31:52.1594378 +0700 +07 m=+147.973567101 0s ::1 GET 200 /api/v1/customers/bc481c1a-a8a5-4895-b556-0110e832eb7c PostmanRuntime/7.35.0}"
time="2023-12-11T17:32:20+07:00" level=info msg="{2023-12-11 17:32:20.2069465 +0700 +07 m=+176.021075801 0s ::1 GET 200 /api/v1/rooms/c4193ee7-39f4-40dd-935d-750e30a0de52 PostmanRuntime/7.35.0}"
time="2023-12-11T17:33:03+07:00" level=info msg="{2023-12-11 17:33:03.7688716 +0700 +07 m=+219.583000901 0s ::1 GET 200 /api/v1/services/e14a2a18-433d-489b-89d1-3c49365296dd PostmanRuntime/7.35.0}"
time="2023-12-11T17:34:21+07:00" level=info msg="{2023-12-11 17:34:21.5497861 +0700 +07 m=+297.363915401 0s ::1 GET 200 /api/v1/customers PostmanRuntime/7.35.0}"
time="2023-12-11T17:34:47+07:00" level=info msg="{2023-12-11 17:34:47.8477193 +0700 +07 m=+323.661848601 0s ::1 GET 200 /api/v1/rooms PostmanRuntime/7.35.0}"
time="2023-12-11T17:35:04+07:00" level=info msg="{2023-12-11 17:35:04.3609749 +0700 +07 m=+340.175104201 0s ::1 GET 200 /api/v1/services PostmanRuntime/7.35.0}"
time="2023-12-11T17:36:12+07:00" level=info msg="{2023-12-11 17:36:12.5706484 +0700 +07 m=+408.384777701 0s ::1 PUT 200 /api/v1/customers/bc481c1a-a8a5-4895-b556-0110e832eb7c PostmanRuntime/7.35.0}"
time="2023-12-11T17:37:16+07:00" level=info msg="{2023-12-11 17:37:16.3551012 +0700 +07 m=+472.169230501 0s ::1 PUT 200 /api/v1/customers/bc481c1a-a8a5-4895-b556-0110e832eb7c PostmanRuntime/7.35.0}"
time="2023-12-11T17:40:37+07:00" level=info msg="{2023-12-11 17:40:37.1231379 +0700 +07 m=+672.937267201 0s ::1 PUT 200 /api/v1/rooms/c4193ee7-39f4-40dd-935d-750e30a0de52 PostmanRuntime/7.35.0}"
time="2023-12-11T17:40:52+07:00" level=info msg="{2023-12-11 17:40:52.8537019 +0700 +07 m=+688.667831201 0s ::1 PUT 200 /api/v1/rooms/c4193ee7-39f4-40dd-935d-750e30a0de52 PostmanRuntime/7.35.0}"
time="2023-12-11T17:43:11+07:00" level=info msg="{2023-12-11 17:43:11.1574669 +0700 +07 m=+826.971596201 0s ::1 PUT 200 /api/v1/services/e14a2a18-433d-489b-89d1-3c49365296dd PostmanRuntime/7.35.0}"
time="2023-12-11T17:44:02+07:00" level=info msg="{2023-12-11 17:44:02.0176833 +0700 +07 m=+877.831812601 0s ::1 POST 200 /api/v1/customers PostmanRuntime/7.35.0}"
time="2023-12-11T17:44:13+07:00" level=info msg="{2023-12-11 17:44:13.485072 +0700 +07 m=+889.299201301 0s ::1 DELETE 200 /api/v1/customers/7cd3d5e7-264d-4ffb-9655-8421447ec692 PostmanRuntime/7.35.0}"
time="2023-12-11T17:44:34+07:00" level=info msg="{2023-12-11 17:44:34.5795811 +0700 +07 m=+910.393710401 0s ::1 GET 200 /api/v1/customers PostmanRuntime/7.35.0}"
time="2023-12-11T17:44:43+07:00" level=info msg="{2023-12-11 17:44:43.2968125 +0700 +07 m=+919.110941801 0s ::1 GET 200 /api/v1/customers PostmanRuntime/7.35.0}"
time="2023-12-11T17:45:26+07:00" level=info msg="{2023-12-11 17:45:26.8267943 +0700 +07 m=+962.640923601 0s ::1 POST 200 /api/v1/rooms PostmanRuntime/7.35.0}"
time="2023-12-11T17:45:37+07:00" level=info msg="{2023-12-11 17:45:37.2699967 +0700 +07 m=+973.084126001 0s ::1 DELETE 200 /api/v1/rooms/5d1185d7-1ade-46bc-974c-2483d397a23d PostmanRuntime/7.35.0}"
time="2023-12-11T17:46:01+07:00" level=info msg="{2023-12-11 17:46:01.6922765 +0700 +07 m=+997.506405801 0s ::1 POST 200 /api/v1/services PostmanRuntime/7.35.0}"
time="2023-12-11T17:46:13+07:00" level=info msg="{2023-12-11 17:46:13.2242111 +0700 +07 m=+1009.038340401 0s ::1 DELETE 200 /api/v1/services/8b1b5876-6768-492d-948b-9852f92362db PostmanRuntime/7.35.0}"
time="2023-12-11T20:17:27+07:00" level=info msg="{2023-12-11 20:17:27.8921229 +0700 +07 m=+79.737490601 0s ::1 GET 200 /api/v1/users PostmanRuntime/7.35.0}"
time="2023-12-11T20:18:41+07:00" level=info msg="{2023-12-11 20:18:41.0563703 +0700 +07 m=+152.901738001 0s ::1 POST 200 /api/v1/roles PostmanRuntime/7.35.0}"
time="2023-12-11T20:19:08+07:00" level=info msg="{2023-12-11 20:19:08.5619136 +0700 +07 m=+180.407281301 0s ::1 POST 200 /api/v1/users PostmanRuntime/7.35.0}"
time="2023-12-11T20:19:20+07:00" level=info msg="{2023-12-11 20:19:20.5011135 +0700 +07 m=+192.346481201 0s ::1 POST 200 /api/v1/customers PostmanRuntime/7.35.0}"
time="2023-12-11T20:20:51+07:00" level=info msg="{2023-12-11 20:20:51.8813866 +0700 +07 m=+283.726754301 0s ::1 POST 200 /api/v1/services PostmanRuntime/7.35.0}"
time="2023-12-11T20:24:02+07:00" level=info msg="{2023-12-11 20:24:02.6683673 +0700 +07 m=+474.513735001 0s ::1 POST 200 /api/v1/bookings PostmanRuntime/7.35.0}"
time="2023-12-11T20:26:40+07:00" level=info msg="{2023-12-11 20:26:40.2339569 +0700 +07 m=+632.079324601 0s ::1 POST 200 /api/v1/bookings PostmanRuntime/7.35.0}"
time="2023-12-11T20:37:28+07:00" level=info msg="{2023-12-11 20:37:28.3198151 +0700 +07 m=+13.841024401 0s ::1 POST 200 /api/v1/bookings PostmanRuntime/7.35.0}"
time="2023-12-11T20:47:17+07:00" level=info msg="{2023-12-11 20:47:17.7317914 +0700 +07 m=+8.572761701 0s ::1 POST 200 /api/v1/bookings PostmanRuntime/7.35.0}"
time="2023-12-11T20:48:59+07:00" level=info msg="{2023-12-11 20:48:59.928734 +0700 +07 m=+110.769704301 0s ::1 POST 200 /api/v1/bookings PostmanRuntime/7.35.0}"
time="2023-12-11T21:02:23+07:00" level=info msg="{2023-12-11 21:02:23.7845497 +0700 +07 m=+31.056207501 0s ::1 POST 200 /api/v1/bookings PostmanRuntime/7.35.0}"
time="2023-12-11T21:05:09+07:00" level=info msg="{2023-12-11 21:05:09.2681981 +0700 +07 m=+5.252390601 0s ::1 POST 200 /api/v1/bookings PostmanRuntime/7.35.0}"
time="2023-12-11T21:05:58+07:00" level=info msg="{2023-12-11 21:05:58.7376537 +0700 +07 m=+5.655736601 0s ::1 POST 200 /api/v1/bookings PostmanRuntime/7.35.0}"
time="2023-12-11T21:06:59+07:00" level=info msg="{2023-12-11 21:06:59.7779855 +0700 +07 m=+18.411907401 0s ::1 POST 200 /api/v1/bookings PostmanRuntime/7.35.0}"
time="2023-12-11T21:08:28+07:00" level=info msg="{2023-12-11 21:08:28.01881 +0700 +07 m=+106.652731901 0s ::1 GET 200 /api/v1/bookings/889e17f1-94c0-4a59-bb19-761b8aa85083 PostmanRuntime/7.35.0}"
time="2023-12-11T21:16:33+07:00" level=info msg="{2023-12-11 21:16:33.5927527 +0700 +07 m=+26.326375501 0s ::1 POST 200 /api/v1/bookings PostmanRuntime/7.35.0}"
time="2023-12-11T21:18:23+07:00" level=info msg="{2023-12-11 21:18:23.7718701 +0700 +07 m=+136.505492901 0s ::1 POST 200 /api/v1/bookings PostmanRuntime/7.35.0}"
time="2023-12-11T21:19:00+07:00" level=info msg="{2023-12-11 21:19:00.448195 +0700 +07 m=+173.181817801 0s ::1 POST 200 /api/v1/bookings PostmanRuntime/7.35.0}"
time="2023-12-11T21:34:02+07:00" level=info msg="{2023-12-11 21:34:02.5468425 +0700 +07 m=+1075.280465301 0s ::1 POST 200 /api/v1/roles PostmanRuntime/7.35.0}"
time="2023-12-11T21:34:46+07:00" level=info msg="{2023-12-11 21:34:46.4675947 +0700 +07 m=+1119.201217501 0s ::1 POST 200 /api/v1/users PostmanRuntime/7.35.0}"
time="2023-12-11T21:35:04+07:00" level=info msg="{2023-12-11 21:35:04.9713049 +0700 +07 m=+1137.704927701 0s ::1 POST 200 /api/v1/customers PostmanRuntime/7.35.0}"
time="2023-12-11T21:35:20+07:00" level=info msg="{2023-12-11 21:35:20.1190599 +0700 +07 m=+1152.852682701 0s ::1 POST 200 /api/v1/rooms PostmanRuntime/7.35.0}"
time="2023-12-11T21:35:40+07:00" level=info msg="{2023-12-11 21:35:40.8234542 +0700 +07 m=+1173.557077001 0s ::1 POST 200 /api/v1/rooms PostmanRuntime/7.35.0}"
time="2023-12-11T21:35:52+07:00" level=info msg="{2023-12-11 21:35:52.0192427 +0700 +07 m=+1184.752865501 0s ::1 POST 200 /api/v1/services PostmanRuntime/7.35.0}"
time="2023-12-11T21:36:06+07:00" level=info msg="{2023-12-11 21:36:06.3012687 +0700 +07 m=+1199.034891501 0s ::1 POST 200 /api/v1/services PostmanRuntime/7.35.0}"
time="2023-12-11T21:38:16+07:00" level=info msg="{2023-12-11 21:38:16.1590159 +0700 +07 m=+1328.892638701 0s ::1 POST 200 /api/v1/bookings PostmanRuntime/7.35.0}"
time="2023-12-12T11:51:44+07:00" level=info msg="{2023-12-12 11:51:44.4618962 +0700 +07 m=+184.918680601 0s ::1 POST 200 /api/v1/customers PostmanRuntime/7.35.0}"
time="2023-12-12T11:52:06+07:00" level=info msg="{2023-12-12 11:52:06.3950088 +0700 +07 m=+206.851793201 0s ::1 PUT 200 /api/v1/customers/delete/33d62a92-a445-4589-8ef6-e224652a7aa6 PostmanRuntime/7.35.0}"
time="2023-12-12T11:52:28+07:00" level=info msg="{2023-12-12 11:52:28.2918057 +0700 +07 m=+228.748590101 0s ::1 GET 200 /api/v1/customers PostmanRuntime/7.35.0}"
time="2023-12-12T11:55:50+07:00" level=info msg="{2023-12-12 11:55:50.025667 +0700 +07 m=+68.889696501 0s ::1 GET 200 /api/v1/customers PostmanRuntime/7.35.0}"
time="2023-12-12T11:56:01+07:00" level=info msg="{2023-12-12 11:56:01.4802677 +0700 +07 m=+80.344297201 0s ::1 DELETE 200 /api/v1/customers/33d62a92-a445-4589-8ef6-e224652a7aa6 PostmanRuntime/7.35.0}"
time="2023-12-12T12:01:05+07:00" level=info msg="{2023-12-12 12:01:05.9138321 +0700 +07 m=+9.999983601 0s ::1 POST 200 /api/v1/roles PostmanRuntime/7.35.0}"
time="2023-12-12T12:01:20+07:00" level=info msg="{2023-12-12 12:01:20.0469286 +0700 +07 m=+24.133080101 0s ::1 POST 200 /api/v1/roles PostmanRuntime/7.35.0}"
time="2023-12-12T12:02:11+07:00" level=info msg="{2023-12-12 12:02:11.4977973 +0700 +07 m=+75.583948801 0s ::1 POST 200 /api/v1/users PostmanRuntime/7.35.0}"
time="2023-12-12T12:03:26+07:00" level=info msg="{2023-12-12 12:03:26.3686907 +0700 +07 m=+35.956177401 0s ::1 POST 200 /api/v1/users PostmanRuntime/7.35.0}"
time="2023-12-12T12:03:31+07:00" level=info msg="{2023-12-12 12:03:31.4952883 +0700 +07 m=+41.082775001 0s ::1 POST 200 /api/v1/users PostmanRuntime/7.35.0}"
time="2023-12-12T12:04:02+07:00" level=info msg="{2023-12-12 12:04:02.929602 +0700 +07 m=+72.517088701 0s ::1 POST 200 /api/v1/users PostmanRuntime/7.35.0}"
time="2023-12-12T12:08:55+07:00" level=info msg="{2023-12-12 12:08:55.4846862 +0700 +07 m=+41.770357801 0s ::1 GET 200 /api/v1/users/8519d534-1505-449f-ad7a-74c0c6e890b1 PostmanRuntime/7.35.0}"
time="2023-12-12T12:10:36+07:00" level=info msg="{2023-12-12 12:10:36.642444 +0700 +07 m=+142.928115601 0s ::1 POST 200 /api/v1/users PostmanRuntime/7.35.0}"
time="2023-12-12T12:14:30+07:00" level=info msg="{2023-12-12 12:14:30.337391 +0700 +07 m=+9.074721501 0s ::1 POST 200 /api/v1/users PostmanRuntime/7.35.0}"
time="2023-12-12T12:14:34+07:00" level=info msg="{2023-12-12 12:14:34.8505173 +0700 +07 m=+13.587847801 0s ::1 POST 200 /api/v1/users PostmanRuntime/7.35.0}"
time="2023-12-12T12:22:55+07:00" level=info msg="{2023-12-12 12:22:55.9698832 +0700 +07 m=+8.531120901 0s ::1 POST 200 /api/v1/users PostmanRuntime/7.35.0}"
time="2023-12-12T12:24:08+07:00" level=info msg="{2023-12-12 12:24:08.1786957 +0700 +07 m=+80.739933401 0s ::1 GET 200 /api/v1/auth/login PostmanRuntime/7.35.0}"
time="2023-12-12T12:28:38+07:00" level=info msg="{2023-12-12 12:28:38.5940972 +0700 +07 m=+27.343564901 0s ::1 GET 200 /api/v1/auth/login PostmanRuntime/7.35.0}"
time="2023-12-12T12:32:09+07:00" level=warning msg="{2023-12-12 12:32:09.0653039 +0700 +07 m=+237.814771601 0s ::1 PUT 404 /api/v1/bookings PostmanRuntime/7.35.0}"
time="2023-12-12T12:33:01+07:00" level=info msg="{2023-12-12 12:33:01.623928 +0700 +07 m=+290.373395701 0s ::1 PUT 200 /api/v1/bookings/status/ PostmanRuntime/7.35.0}"
time="2023-12-12T12:35:18+07:00" level=info msg="{2023-12-12 12:35:18.8740264 +0700 +07 m=+427.623494101 0s ::1 POST 200 /api/v1/users PostmanRuntime/7.35.0}"
time="2023-12-12T12:35:32+07:00" level=info msg="{2023-12-12 12:35:32.6236263 +0700 +07 m=+441.373094001 0s ::1 GET 200 /api/v1/auth/login PostmanRuntime/7.35.0}"
time="2023-12-12T12:36:42+07:00" level=info msg="{2023-12-12 12:36:42.1484237 +0700 +07 m=+510.897891401 0s ::1 PUT 200 /api/v1/bookings/status/ PostmanRuntime/7.35.0}"
time="2023-12-12T12:36:55+07:00" level=info msg="{2023-12-12 12:36:55.6615144 +0700 +07 m=+524.410982101 0s ::1 PUT 200 /api/v1/bookings/status/ PostmanRuntime/7.35.0}"
time="2023-12-12T12:40:23+07:00" level=info msg="{2023-12-12 12:40:23.3507309 +0700 +07 m=+29.884770501 0s ::1 POST 200 /api/v1/users PostmanRuntime/7.35.0}"
time="2023-12-12T12:49:04+07:00" level=info msg="{2023-12-12 12:49:04.8045579 +0700 +07 m=+6.736156401 0s ::1 GET 200 /api/v1/auth/refresh-token PostmanRuntime/7.35.0}"
time="2023-12-12T20:45:18+07:00" level=info msg="{2023-12-12 20:45:18.811615 +0700 +07 m=+43.957457801 0s ::1 GET 200 /api/v1/auth/login PostmanRuntime/7.35.0}"
time="2023-12-12T20:47:03+07:00" level=info msg="{2023-12-12 20:47:03.8745549 +0700 +07 m=+149.020397701 0s ::1 POST 200 /api/v1/bookings PostmanRuntime/7.35.0}"
time="2023-12-12T20:47:40+07:00" level=info msg="{2023-12-12 20:47:40.7675834 +0700 +07 m=+185.913426201 0s ::1 GET 200 /api/v1/auth/login PostmanRuntime/7.35.0}"
time="2023-12-12T20:48:00+07:00" level=info msg="{2023-12-12 20:48:00.5057121 +0700 +07 m=+205.651554901 0s ::1 POST 200 /api/v1/bookings PostmanRuntime/7.35.0}"
time="2023-12-12T20:49:13+07:00" level=info msg="{2023-12-12 20:49:13.7638018 +0700 +07 m=+278.909644601 0s ::1 PUT 200 /api/v1/bookings/status/ PostmanRuntime/7.35.0}"
time="2023-12-12T20:49:27+07:00" level=info msg="{2023-12-12 20:49:27.2600755 +0700 +07 m=+292.405918301 0s ::1 PUT 200 /api/v1/bookings/status/ PostmanRuntime/7.35.0}"
time="2023-12-13T17:36:03+07:00" level=info msg="{2023-12-13 17:36:03.0440803 +0700 +07 m=+79.316433401 0s ::1 POST 200 /api/v1/roles PostmanRuntime/7.36.0}"
time="2023-12-13T17:38:28+07:00" level=info msg="{2023-12-13 17:38:28.1127403 +0700 +07 m=+10.177038801 0s ::1 POST 200 /api/v1/roles PostmanRuntime/7.36.0}"
time="2023-12-13T17:38:38+07:00" level=info msg="{2023-12-13 17:38:38.0295 +0700 +07 m=+20.093798501 0s ::1 POST 200 /api/v1/roles PostmanRuntime/7.36.0}"
time="2023-12-13T17:39:19+07:00" level=info msg="{2023-12-13 17:39:19.4258119 +0700 +07 m=+61.490110401 0s ::1 POST 200 /api/v1/users PostmanRuntime/7.36.0}"
time="2023-12-13T17:40:09+07:00" level=info msg="{2023-12-13 17:40:09.7436116 +0700 +07 m=+111.807910101 0s ::1 POST 200 /api/v1/users PostmanRuntime/7.36.0}"
time="2023-12-13T17:40:30+07:00" level=info msg="{2023-12-13 17:40:30.0978048 +0700 +07 m=+132.162103301 0s ::1 POST 200 /api/v1/customers PostmanRuntime/7.36.0}"
time="2023-12-13T17:41:23+07:00" level=info msg="{2023-12-13 17:41:23.0400969 +0700 +07 m=+185.104395401 0s ::1 POST 200 /api/v1/rooms PostmanRuntime/7.36.0}"
time="2023-12-13T17:41:50+07:00" level=info msg="{2023-12-13 17:41:50.008783 +0700 +07 m=+212.073081501 0s ::1 POST 200 /api/v1/services PostmanRuntime/7.36.0}"
time="2023-12-13T17:42:04+07:00" level=info msg="{2023-12-13 17:42:04.5350961 +0700 +07 m=+226.599394601 0s ::1 GET 200 /api/v1/auth/login PostmanRuntime/7.36.0}"
time="2023-12-13T17:44:29+07:00" level=info msg="{2023-12-13 17:44:29.0344785 +0700 +07 m=+371.098777001 0s ::1 POST 200 /api/v1/bookings PostmanRuntime/7.36.0}"
time="2023-12-13T17:45:52+07:00" level=info msg="{2023-12-13 17:45:52.0581758 +0700 +07 m=+454.122474301 0s ::1 POST 200 /api/v1/bookings PostmanRuntime/7.36.0}"
time="2023-12-13T17:45:59+07:00" level=info msg="{2023-12-13 17:45:59.8808352 +0700 +07 m=+461.945133701 0s ::1 POST 200 /api/v1/bookings PostmanRuntime/7.36.0}"
time="2023-12-13T17:46:12+07:00" level=info msg="{2023-12-13 17:46:12.9696654 +0700 +07 m=+475.033963901 0s ::1 POST 200 /api/v1/bookings PostmanRuntime/7.36.0}"
time="2023-12-13T17:46:30+07:00" level=info msg="{2023-12-13 17:46:30.1388334 +0700 +07 m=+492.203131901 0s ::1 POST 200 /api/v1/bookings PostmanRuntime/7.36.0}"
time="2023-12-13T17:46:37+07:00" level=info msg="{2023-12-13 17:46:37.2071683 +0700 +07 m=+499.271466801 0s ::1 POST 200 /api/v1/bookings PostmanRuntime/7.36.0}"
time="2023-12-13T17:46:50+07:00" level=info msg="{2023-12-13 17:46:50.824591 +0700 +07 m=+512.888889501 0s ::1 POST 200 /api/v1/bookings PostmanRuntime/7.36.0}"
time="2023-12-13T17:46:57+07:00" level=info msg="{2023-12-13 17:46:57.1658695 +0700 +07 m=+519.230168001 0s ::1 POST 200 /api/v1/bookings PostmanRuntime/7.36.0}"
time="2023-12-13T17:47:07+07:00" level=info msg="{2023-12-13 17:47:07.9171905 +0700 +07 m=+529.981489001 0s ::1 POST 200 /api/v1/bookings PostmanRuntime/7.36.0}"
time="2023-12-13T17:47:42+07:00" level=info msg="{2023-12-13 17:47:42.31257 +0700 +07 m=+564.376868501 0s ::1 POST 200 /api/v1/bookings PostmanRuntime/7.36.0}"
time="2023-12-13T17:47:57+07:00" level=info msg="{2023-12-13 17:47:57.9890717 +0700 +07 m=+580.053370201 0s ::1 POST 200 /api/v1/bookings PostmanRuntime/7.36.0}"
time="2023-12-13T17:48:03+07:00" level=info msg="{2023-12-13 17:48:03.6665141 +0700 +07 m=+585.730812601 0s ::1 POST 200 /api/v1/bookings PostmanRuntime/7.36.0}"
time="2023-12-13T17:48:18+07:00" level=info msg="{2023-12-13 17:48:18.4112615 +0700 +07 m=+600.475560001 0s ::1 POST 200 /api/v1/bookings PostmanRuntime/7.36.0}"
time="2023-12-13T17:48:25+07:00" level=info msg="{2023-12-13 17:48:25.5051211 +0700 +07 m=+607.569419601 0s ::1 POST 200 /api/v1/bookings PostmanRuntime/7.36.0}"
time="2023-12-13T17:48:30+07:00" level=info msg="{2023-12-13 17:48:30.2943616 +0700 +07 m=+612.358660101 0s ::1 POST 200 /api/v1/bookings PostmanRuntime/7.36.0}"
time="2023-12-13T17:48:46+07:00" level=info msg="{2023-12-13 17:48:46.0726072 +0700 +07 m=+628.136905701 0s ::1 POST 200 /api/v1/bookings PostmanRuntime/7.36.0}"
time="2023-12-13T17:48:52+07:00" level=info msg="{2023-12-13 17:48:52.1072051 +0700 +07 m=+634.171503601 0s ::1 POST 200 /api/v1/bookings PostmanRuntime/7.36.0}"
time="2023-12-13T17:49:00+07:00" level=info msg="{2023-12-13 17:49:00.3320084 +0700 +07 m=+642.396306901 0s ::1 POST 200 /api/v1/bookings PostmanRuntime/7.36.0}"
time="2023-12-13T17:50:45+07:00" level=info msg="{2023-12-13 17:50:45.4977874 +0700 +07 m=+747.562085901 0s ::1 POST 200 /api/v1/bookings PostmanRuntime/7.36.0}"
time="2023-12-13T17:50:48+07:00" level=info msg="{2023-12-13 17:50:48.8816945 +0700 +07 m=+750.945993001 0s ::1 POST 200 /api/v1/bookings PostmanRuntime/7.36.0}"
time="2023-12-13T17:50:52+07:00" level=info msg="{2023-12-13 17:50:52.6584367 +0700 +07 m=+754.722735201 0s ::1 POST 200 /api/v1/bookings PostmanRuntime/7.36.0}"
time="2023-12-13T17:51:12+07:00" level=info msg="{2023-12-13 17:51:12.0477621 +0700 +07 m=+774.112060601 0s ::1 POST 200 /api/v1/bookings PostmanRuntime/7.36.0}"
time="2023-12-13T17:51:20+07:00" level=info msg="{2023-12-13 17:51:20.3736582 +0700 +07 m=+782.437956701 0s ::1 POST 200 /api/v1/bookings PostmanRuntime/7.36.0}"
time="2023-12-13T17:51:29+07:00" level=info msg="{2023-12-13 17:51:29.0658118 +0700 +07 m=+791.130110301 0s ::1 POST 200 /api/v1/bookings PostmanRuntime/7.36.0}"
time="2023-12-13T17:51:58+07:00" level=info msg="{2023-12-13 17:51:58.9288639 +0700 +07 m=+820.993162401 0s ::1 POST 200 /api/v1/bookings PostmanRuntime/7.36.0}"
time="2023-12-13T17:52:13+07:00" level=info msg="{2023-12-13 17:52:13.2330015 +0700 +07 m=+835.297300001 0s ::1 POST 200 /api/v1/bookings PostmanRuntime/7.36.0}"
time="2023-12-13T17:52:24+07:00" level=info msg="{2023-12-13 17:52:24.9065018 +0700 +07 m=+846.970800301 0s ::1 POST 200 /api/v1/bookings PostmanRuntime/7.36.0}"
time="2023-12-13T17:55:07+07:00" level=info msg="{2023-12-13 17:55:07.5573661 +0700 +07 m=+20.291354001 0s ::1 POST 200 /api/v1/bookings PostmanRuntime/7.36.0}"
time="2023-12-13T20:12:23+07:00" level=info msg="{2023-12-13 20:12:23.9366278 +0700 +07 m=+146.287273701 0s ::1 POST 200 /api/v1/users PostmanRuntime/7.36.0}"
time="2023-12-13T20:12:36+07:00" level=info msg="{2023-12-13 20:12:36.6520643 +0700 +07 m=+159.002710201 0s ::1 GET 200 /api/v1/auth/login PostmanRuntime/7.36.0}"
time="2023-12-13T20:14:03+07:00" level=info msg="{2023-12-13 20:14:03.0044573 +0700 +07 m=+245.355103201 0s ::1 GET 200 /api/v1/reports/daily PostmanRuntime/7.36.0}"
time="2023-12-13T20:20:19+07:00" level=info msg="{2023-12-13 20:20:19.6140984 +0700 +07 m=+10.564130901 0s ::1 GET 200 /api/v1/reports/daily PostmanRuntime/7.36.0}"
time="2023-12-13T20:27:37+07:00" level=info msg="{2023-12-13 20:27:37.2362141 +0700 +07 m=+10.940787001 0s ::1 GET 200 /api/v1/reports/daily PostmanRuntime/7.36.0}"
time="2023-12-13T20:28:47+07:00" level=info msg="{2023-12-13 20:28:47.1579008 +0700 +07 m=+8.566153701 0s ::1 GET 200 /api/v1/reports/daily PostmanRuntime/7.36.0}"
time="2023-12-13T20:30:11+07:00" level=info msg="{2023-12-13 20:30:11.9461595 +0700 +07 m=+6.585835501 0s ::1 GET 200 /api/v1/reports/daily PostmanRuntime/7.36.0}"
time="2023-12-13T20:33:03+07:00" level=info msg="{2023-12-13 20:33:03.1626152 +0700 +07 m=+6.518972401 0s ::1 GET 200 /api/v1/reports/daily PostmanRuntime/7.36.0}"
time="2023-12-13T20:36:29+07:00" level=info msg="{2023-12-13 20:36:29.7587601 +0700 +07 m=+7.815404801 0s ::1 GET 200 /api/v1/reports/daily PostmanRuntime/7.36.0}"
time="2023-12-13T20:46:29+07:00" level=info msg="{2023-12-13 20:46:29.4256115 +0700 +07 m=+14.784025901 0s ::1 GET 200 /api/v1/reports/daily PostmanRuntime/7.36.0}"
time="2023-12-13T20:47:55+07:00" level=info msg="{2023-12-13 20:47:55.834265 +0700 +07 m=+11.471088401 0s ::1 GET 200 /api/v1/reports/daily PostmanRuntime/7.36.0}"
time="2023-12-13T21:01:04+07:00" level=info msg="{2023-12-13 21:01:04.5748729 +0700 +07 m=+9.077921601 0s ::1 GET 200 /api/v1/reports/daily PostmanRuntime/7.36.0}"
time="2023-12-13T21:02:41+07:00" level=info msg="{2023-12-13 21:02:41.4495205 +0700 +07 m=+105.952569201 0s ::1 GET 200 /api/v1/reports/daily PostmanRuntime/7.36.0}"
time="2023-12-13T21:02:47+07:00" level=info msg="{2023-12-13 21:02:47.9419304 +0700 +07 m=+112.444979101 0s ::1 GET 200 /api/v1/reports/daily PostmanRuntime/7.36.0}"
time="2023-12-13T21:03:33+07:00" level=info msg="{2023-12-13 21:03:33.7625419 +0700 +07 m=+7.834723901 0s ::1 GET 200 /api/v1/reports/daily PostmanRuntime/7.36.0}"
time="2023-12-13T21:05:13+07:00" level=info msg="{2023-12-13 21:05:13.0771253 +0700 +07 m=+12.011743401 0s ::1 GET 200 /api/v1/reports/daily PostmanRuntime/7.36.0}"
time="2023-12-13T21:06:28+07:00" level=info msg="{2023-12-13 21:06:28.1426406 +0700 +07 m=+8.911931901 0s ::1 GET 200 /api/v1/reports/daily PostmanRuntime/7.36.0}"
time="2023-12-13T21:07:05+07:00" level=info msg="{2023-12-13 21:07:05.4799937 +0700 +07 m=+12.669456001 0s ::1 GET 200 /api/v1/reports/daily PostmanRuntime/7.36.0}"
time="2023-12-13T21:17:25+07:00" level=info msg="{2023-12-13 21:17:25.936856 +0700 +07 m=+7.155274201 0s ::1 GET 200 /api/v1/reports/daily PostmanRuntime/7.36.0}"
time="2023-12-13T21:27:57+07:00" level=info msg="{2023-12-13 21:27:57.248423 +0700 +07 m=+10.437346501 0s ::1 GET 200 /api/v1/reports/daily PostmanRuntime/7.36.0}"
time="2023-12-13T21:36:55+07:00" level=info msg="{2023-12-13 21:36:55.4008667 +0700 +07 m=+19.346021801 0s ::1 GET 200 /api/v1/reports/daily PostmanRuntime/7.36.0}"
time="2023-12-13T21:41:44+07:00" level=info msg="{2023-12-13 21:41:44.0366629 +0700 +07 m=+307.981818001 0s ::1 GET 200 /api/v1/reports/daily PostmanRuntime/7.36.0}"
time="2023-12-13T21:43:35+07:00" level=info msg="{2023-12-13 21:43:35.598118 +0700 +07 m=+8.064844601 0s ::1 GET 200 /api/v1/reports/daily PostmanRuntime/7.36.0}"
time="2023-12-13T21:45:06+07:00" level=info msg="{2023-12-13 21:45:06.5104486 +0700 +07 m=+10.503523501 0s ::1 GET 200 /api/v1/reports/daily PostmanRuntime/7.36.0}"
time="2023-12-13T21:51:56+07:00" level=info msg="{2023-12-13 21:51:56.6685478 +0700 +07 m=+8.577651401 0s ::1 GET 200 /api/v1/reports/daily PostmanRuntime/7.36.0}"
time="2023-12-13T21:52:42+07:00" level=info msg="{2023-12-13 21:52:42.6114247 +0700 +07 m=+9.460154401 0s ::1 GET 200 /api/v1/reports/daily PostmanRuntime/7.36.0}"
time="2023-12-13T21:58:08+07:00" level=info msg="{2023-12-13 21:58:08.1622779 +0700 +07 m=+6.669808201 0s ::1 GET 200 /api/v1/reports/monthly PostmanRuntime/7.36.0}"
time="2023-12-13T22:05:52+07:00" level=info msg="{2023-12-13 22:05:52.2547538 +0700 +07 m=+11.883417501 0s ::1 GET 200 /api/v1/reports/monthly PostmanRuntime/7.36.0}"
time="2023-12-13T22:05:57+07:00" level=info msg="{2023-12-13 22:05:57.8061664 +0700 +07 m=+17.434830101 0s ::1 GET 200 /api/v1/reports/monthly PostmanRuntime/7.36.0}"
time="2023-12-13T22:14:40+07:00" level=info msg="{2023-12-13 22:14:40.4063873 +0700 +07 m=+23.284602201 0s ::1 GET 200 /api/v1/reports/daily PostmanRuntime/7.36.0}"
time="2023-12-13T22:14:46+07:00" level=info msg="{2023-12-13 22:14:46.4688435 +0700 +07 m=+29.347058401 0s ::1 GET 200 /api/v1/reports/daily PostmanRuntime/7.36.0}"
time="2023-12-13T22:18:32+07:00" level=info msg="{2023-12-13 22:18:32.9576575 +0700 +07 m=+255.835872401 0s ::1 GET 200 /api/v1/reports/daily PostmanRuntime/7.36.0}"
time="2023-12-13T22:26:47+07:00" level=info msg="{2023-12-13 22:26:47.6416188 +0700 +07 m=+5.138566701 0s ::1 GET 200 /api/v1/reports/daily PostmanRuntime/7.36.0}"
time="2023-12-13T22:29:27+07:00" level=info msg="{2023-12-13 22:29:27.9394813 +0700 +07 m=+165.436429201 0s ::1 GET 200 /api/v1/reports/daily PostmanRuntime/7.36.0}"
time="2023-12-13T22:29:34+07:00" level=info msg="{2023-12-13 22:29:34.2893733 +0700 +07 m=+171.786321201 0s ::1 GET 200 /api/v1/reports/daily PostmanRuntime/7.36.0}"
time="2023-12-13T22:33:33+07:00" level=info msg="{2023-12-13 22:33:33.9088455 +0700 +07 m=+9.131967301 0s ::1 GET 200 /api/v1/reports/daily PostmanRuntime/7.36.0}"
time="2023-12-13T22:35:43+07:00" level=info msg="{2023-12-13 22:35:43.0307231 +0700 +07 m=+10.384380901 0s ::1 GET 200 /api/v1/reports/monthly PostmanRuntime/7.36.0}"
time="2023-12-13T22:37:09+07:00" level=info msg="{2023-12-13 22:37:09.1754275 +0700 +07 m=+96.529085301 0s ::1 GET 200 /api/v1/reports/yearly PostmanRuntime/7.36.0}"
time="2023-12-14T00:09:53+07:00" level=info msg="{2023-12-14 00:09:53.5260602 +0700 +07 m=+85.528335401 0s ::1 GET 200 /api/v1/auth/login PostmanRuntime/7.36.0}"
time="2023-12-14T00:11:08+07:00" level=info msg="{2023-12-14 00:11:08.2047868 +0700 +07 m=+160.207062001 0s ::1 GET 200 /api/v1/reports/daily PostmanRuntime/7.36.0}"
time="2023-12-14T00:12:15+07:00" level=info msg="{2023-12-14 00:12:15.9942241 +0700 +07 m=+227.996499301 0s ::1 GET 200 /api/v1/reports/monthly PostmanRuntime/7.36.0}"
time="2023-12-14T00:13:32+07:00" level=info msg="{2023-12-14 00:13:32.9533994 +0700 +07 m=+304.955674601 0s ::1 GET 200 /api/v1/reports/yearly PostmanRuntime/7.36.0}"
time="2023-12-14T00:14:25+07:00" level=info msg="{2023-12-14 00:14:25.074679 +0700 +07 m=+357.076954201 0s ::1 GET 200 /api/v1/reports/yearly PostmanRuntime/7.36.0}"
